0 info it worked if it ends with ok
1 verbose cli [ 'C:\\Program Files (x86)\\nodejs\\node.exe',
1 verbose cli   'C:\\ProgramData\\chocolatey\\lib\\npm\\tools\\node_modules\\npm\\bin\\npm-cli.js',
1 verbose cli   'i',
1 verbose cli   'react-bootstrap-dialog',
1 verbose cli   '--save' ]
2 info using npm@1.4.9
3 info using node@v6.5.0
4 verbose readDependencies using package.json deps
5 verbose cache add [ 'react-bootstrap-dialog', null ]
6 verbose cache add name=undefined spec="react-bootstrap-dialog" args=["react-bootstrap-dialog",null]
7 verbose parsed url Url {
7 verbose parsed url   protocol: null,
7 verbose parsed url   slashes: null,
7 verbose parsed url   auth: null,
7 verbose parsed url   host: null,
7 verbose parsed url   port: null,
7 verbose parsed url   hostname: null,
7 verbose parsed url   hash: null,
7 verbose parsed url   search: null,
7 verbose parsed url   query: null,
7 verbose parsed url   pathname: 'react-bootstrap-dialog',
7 verbose parsed url   path: 'react-bootstrap-dialog',
7 verbose parsed url   href: 'react-bootstrap-dialog' }
8 silly lockFile 72edacc0-react-bootstrap-dialog react-bootstrap-dialog
9 verbose lock react-bootstrap-dialog C:\Users\h01270\AppData\Roaming\npm-cache\72edacc0-react-bootstrap-dialog.lock
10 silly lockFile 72edacc0-react-bootstrap-dialog react-bootstrap-dialog
11 silly lockFile 72edacc0-react-bootstrap-dialog react-bootstrap-dialog
12 verbose addNamed [ 'react-bootstrap-dialog', '' ]
13 verbose addNamed [ null, '*' ]
14 silly lockFile 6e6e23e7-react-bootstrap-dialog react-bootstrap-dialog@
15 verbose lock react-bootstrap-dialog@ C:\Users\h01270\AppData\Roaming\npm-cache\6e6e23e7-react-bootstrap-dialog.lock
16 silly addNameRange { name: 'react-bootstrap-dialog', range: '*', hasData: false }
17 verbose url raw react-bootstrap-dialog
18 verbose url resolving [ 'https://registry.npmjs.org/', './react-bootstrap-dialog' ]
19 verbose url resolved https://registry.npmjs.org/react-bootstrap-dialog
20 info trying registry request attempt 1 at 21:09:18
21 verbose etag W/"57e4ebba-2ee2"
22 http GET https://registry.npmjs.org/react-bootstrap-dialog
23 http 304 https://registry.npmjs.org/react-bootstrap-dialog
24 silly registry.get cb [ 304,
24 silly registry.get   { date: 'Wed, 23 Nov 2016 19:09:11 GMT',
24 silly registry.get     via: '1.1 varnish',
24 silly registry.get     'cache-control': 'max-age=300',
24 silly registry.get     etag: 'W/"57e4ebba-2ee2"',
24 silly registry.get     age: '35',
24 silly registry.get     connection: 'close',
24 silly registry.get     'x-served-by': 'cache-bma7021-BMA',
24 silly registry.get     'x-cache': 'HIT',
24 silly registry.get     'x-cache-hits': '1',
24 silly registry.get     'x-timer': 'S1479928151.825667,VS0,VE0',
24 silly registry.get     vary: 'Accept-Encoding' } ]
25 verbose etag react-bootstrap-dialog from cache
26 silly addNameRange number 2 { name: 'react-bootstrap-dialog', range: '*', hasData: true }
27 silly addNameRange versions [ 'react-bootstrap-dialog', [ '0.9.0', '0.9.1' ] ]
28 verbose addNamed [ 'react-bootstrap-dialog', '0.9.1' ]
29 verbose addNamed [ '0.9.1', '0.9.1' ]
30 silly lockFile 98620593-react-bootstrap-dialog-0-9-1 react-bootstrap-dialog@0.9.1
31 verbose lock react-bootstrap-dialog@0.9.1 C:\Users\h01270\AppData\Roaming\npm-cache\98620593-react-bootstrap-dialog-0-9-1.lock
32 silly lockFile 98620593-react-bootstrap-dialog-0-9-1 react-bootstrap-dialog@0.9.1
33 silly lockFile 98620593-react-bootstrap-dialog-0-9-1 react-bootstrap-dialog@0.9.1
34 silly lockFile 6e6e23e7-react-bootstrap-dialog react-bootstrap-dialog@
35 silly lockFile 6e6e23e7-react-bootstrap-dialog react-bootstrap-dialog@
36 silly resolved [ { name: 'react-bootstrap-dialog',
36 silly resolved     version: '0.9.1',
36 silly resolved     description: 'The modal-dialog React component with React Bootstrap, alternates `window.confirm` and `window.alert`.',
36 silly resolved     repository:
36 silly resolved      { type: 'git',
36 silly resolved        url: 'https://github.com/akiroom/react-bootstrap-dialog.git' },
36 silly resolved     license: 'MIT',
36 silly resolved     author: { name: 'akiroom', url: 'http://akiyama.akiroom.com/en/' },
36 silly resolved     keywords:
36 silly resolved      [ 'react',
36 silly resolved        'bootstrap',
36 silly resolved        'react-component',
36 silly resolved        'react-bootstrap',
36 silly resolved        'dialog',
36 silly resolved        'alert',
36 silly resolved        'confirm',
36 silly resolved        'modal' ],
36 silly resolved     scripts:
36 silly resolved      { prepublish: '. ./.scripts/prepublish.sh',
36 silly resolved        lint: 'standard',
36 silly resolved        testonly: 'mocha --require .scripts/mocha_runner src/**/tests/**/*.js',
36 silly resolved        test: 'npm run lint && npm run testonly',
36 silly resolved        'test-watch': 'npm run testonly -- --watch --watch-extensions js',
36 silly resolved        storybook: 'start-storybook -p 9010',
36 silly resolved        'publish-storybook': 'bash .scripts/publish_storybook.sh',
36 silly resolved        'deploy-storybook': 'storybook-to-ghpages' },
36 silly resolved     devDependencies:
36 silly resolved      { '@kadira/storybook': '^2.5.2',
36 silly resolved        'babel-cli': '^6.5.0',
36 silly resolved        'babel-core': '^6.5.0',
36 silly resolved        'babel-loader': '^6.2.4',
36 silly resolved        'babel-plugin-transform-runtime': '^6.5.0',
36 silly resolved        'babel-polyfill': '^6.5.0',
36 silly resolved        'babel-preset-es2015': '^6.5.0',
36 silly resolved        'babel-preset-react': '^6.5.0',
36 silly resolved        'babel-preset-stage-2': '^6.5.0',
36 silly resolved        bootstrap: '^3.3.7',
36 silly resolved        chai: '^3.5.0',
36 silly resolved        enzyme: '^2.2.0',
36 silly resolved        'git-url-parse': '^6.0.1',
36 silly resolved        jsdom: '^8.3.1',
36 silly resolved        mocha: '^2.4.5',
36 silly resolved        react: '^15.0.0',
36 silly resolved        'react-addons-test-utils': '^15.0.0',
36 silly resolved        'react-bootstrap': '^0.30.3',
36 silly resolved        'react-dom': '^15.0.0',
36 silly resolved        sinon: '^1.17.3',
36 silly resolved        standard: '^8.0.0' },
36 silly resolved     peerDependencies: { react: '^0.14.7 || ^15.0.0' },
36 silly resolved     dependencies:
36 silly resolved      { '@kadira/storybook-deployer': '^1.2.0',
36 silly resolved        'babel-runtime': '^6.5.0' },
36 silly resolved     main: 'dist/index.js',
36 silly resolved     engines: { npm: '^3.0.0' },
36 silly resolved     readme: '# React Bootstrap Dialog\n\n[![npm version](https://badge.fury.io/js/react-bootstrap-dialog.svg)](https://badge.fury.io/js/react-bootstrap-dialog)\n[![Build Status](https://travis-ci.org/akiroom/react-bootstrap-dialog.svg?branch=master)](https://travis-ci.org/akiroom/react-bootstrap-dialog)\n\nIt\'s a **Modal-dialog React component** based on `<Modal />` in [react-bootstrap](https://react-bootstrap.github.io/), It\'s configurable and easy to use instead of `window.alert` or `window.confirm` in your React application.\n\nIndex:\n\n- [Screenshots](#screenshots)\n- [Demo and Sample](#demo-and-sample)\n- [Usage](#usage)\n- [Documents](#documents)\n\n## Screenshots\n\n| Default Alert | Default Dialog | Custom Dialog |\n|---------------|----------------|---------------|\n| Instead of `window.alert` | Instead of `window.confirm` | Full customized |\n| [![https://gyazo.com/84e315aca42ac4dbe39e51ce3451bb53](https://i.gyazo.com/84e315aca42ac4dbe39e51ce3451bb53.gif)](https://gyazo.com/84e315aca42ac4dbe39e51ce3451bb53) | [![https://gyazo.com/f8e8bfd41d9c652a55ed06a0828dc57e](https://i.gyazo.com/f8e8bfd41d9c652a55ed06a0828dc57e.gif)](https://gyazo.com/f8e8bfd41d9c652a55ed06a0828dc57e) | [![https://gyazo.com/d9c073c6c7d66c05e5398f386345f452](https://i.gyazo.com/d9c073c6c7d66c05e5398f386345f452.gif)](https://gyazo.com/d9c073c6c7d66c05e5398f386345f452) |\n\n## Demo and Sample\n\n- See [Demos on storybook](https://akiroom.github.io/react-bootstrap-dialog/)\n- The sample codes are in [/src/stories/samples](https://github.com/akiroom/react-bootstrap-dialog/tree/master/src/stories/samples)\n\n## Usage\n\n### Install\n\n```sh\nnpm i react-bootstrap-dialog --save\n```\n\n### Quick start\n\nStep 1. Import package.\n\n```js\nimport Dialog from \'react-bootstrap-dialog\'\n```\n\nStep 2. Write jsx in `render` method.\n\n```html\n<Dialog ref="dialog" />\n```\n\nStep 3. Call `showAlert` method or `show` method.\n\n```js\nthis.refs.dialog.showAlert(\'Hello Dialog!\')\n```\n\nThis code is full code for these steps.\n\n```js\nimport React from \'react\'\nimport {Button} from \'react-bootstrap\'\nimport Dialog from \'react-bootstrap-dialog\'\n\nexport default class SampleCode extends React.Component {\n  constructor () {\n    super()\n    this.onClick = this.onClick.bind(this)\n  }\n\n  onClick () {\n    this.refs.dialog.showAlert(\'Hello Dialog!\')\n  }\n\n  render () {\n    return (\n      <div>\n        <Button onClick={this.onClick}>Show alert</Button>\n        <Dialog ref=\'dialog\' />\n      </div>\n    )\n  }\n}\n\n```\n\n## Documents\n\nIndex:\n\n- [`Dialog`](#dialog)\n- [`<Dialog />`](#dialog-)\n- [`DialogAction` generators](#dialogaction-generators)\n\n### `Dialog`\n\n#### setOptions(options)\n\nSet default options for applying to all dialogs\n\n- `options`: [Object] The parameters for default options.\n  - `defaultOkLabel`: [String, Node] The default label for OK button. Default is `\'OK\'`.\n  - `defaultCancelLabel`: [String, Node] The default label for Cancel button. Default is `\'Cancel\'`.\n  - `primaryClassName`: [String] The class name for primary button. Default is `\'btn-primary\'`\n\n##### Example\n\n```js\nDialog.setOptions({\n  defaultOkLabel: \'Yes! Yes! Yes!\',\n  defaultCancelLabel: \'Noooooooo!!\',\n  primaryClassName: \'btn-success\'\n})\n```\n\n#### resetOptions()\n\nReset default options to presets.\n\n##### Example\n\n```js\nDialog.resetOptions()\n```\n\n### `<Dialog />`\n\n#### show(options)\n\nShow dialog with choices. This is similar to `window.confirm`.\n\n- `options`: [Object] The parameters for options.\n   - `title`: [String, Node] The title of dialog.\n   - `body`: [String, Node] The body of message.\n   - `actions`: [Array[DialogAction]] The choices for presenting to user. See [DialogAction generators](#dialogaction-generators)\n   - `bsSize`: [String] The width size for dialog. You can choose in [null, \'medium\', \'large\', \'small\'].\n   - `onHide`: [Function] The method to call when the dialog was closed by clicking background.\n\n##### Example\n\n```js\nthis.refs.dialog.show({\n  title: \'Greedings\',\n  body: \'How are you?\',\n  actions: [\n    Dialog.CancelAction(),\n    Dialog.OKAction()\n  ],\n  bsSize: \'small\',\n  onHide: (dialog) => {\n    dialog.hide()\n    console.log(\'closed by clicking background.\')\n  }\n})\n```\n\n#### showAlert(body, bsSize = undefined)\n\nShow message dialog This is similar to `window.alert`.\n\n- `body`: [String, Node] The body of message.\n- `bsSize`: [String] The width size for dialog. You can choose in [null, \'medium\', \'large\', \'small\'].\n\n##### Example\n\n```js\nthis.refs.dialog.showAlert(\'Hello world!\')\n```\n\n#### hide()\n\nHide this dialog.\n\n##### Example\n\n```js\nthis.refs.dialog.hide()\n```\n\n### `DialogAction` generators\n\n#### Dialog.Action(label, func, className)\n\nThe customized choice for `options.actions` in `dialog.show`.\n\n- `label`: [String, Node] The label for the button.\n- `func`: [Function] The method to call when the button is clicked.\n- `className`: The class name for the button.\n\n##### Example\n\n```js\nDialog.Action(\n  \'Hello\',\n  () => console.log(\'Hello!\'),\n  \'btn-info\'\n)\n```\n\n#### Dialog.DefaultAction(label, func, className)\n\nThe default choice for `options.actions` in `dialog.show`.\n\n- `label`: [String, Node] The label for the button.\n- `func`: [Function] The method to call when the button is clicked.\n- `className`: The class name for the button. (Default is `\'btn-primary\'`)\n\n##### Example\n\n```js\nDialog.DefaultAction(\n  \'Remove\',\n  () => {\n    console.log(\'Remove action will be executed!\')\n  },\n  \'btn-danger\'\n)\n```\n\n#### Dialog.OKAction(func)\n\nThe OK choice for `options.actions` in `dialog.show`.\nIt uses default ok label (`\'OK\'`) and default primary class (`\'btn-primary\'`).\n\n- `func`: [Function] The method to call when the button is clicked.\n\n##### Example\n\n```js\nDialog.OKAction(() => {\n  console.log(\'OK was clicked!\')\n})\n```\n\n#### Dialog.CancelAction(func)\n\nThe Cancel choice for `options.actions` in `dialog.show`.\nIt uses default cancel label (`\'Cancel\'`).\n\n- `func`: [Function] The method to call when the button is clicked.\n\n##### Example 1\n\n```js\nDialog.CancelAction(() => {\n  console.log(\'Cancel was clicked!\')\n})\n```\n\n##### Example 2\n\n```js\n// Do nothing.\nDialog.CancelAction()\n```\n',
36 silly resolved     readmeFilename: 'README.md',
36 silly resolved     bugs: { url: 'https://github.com/akiroom/react-bootstrap-dialog/issues' },
36 silly resolved     homepage: 'https://github.com/akiroom/react-bootstrap-dialog',
36 silly resolved     _id: 'react-bootstrap-dialog@0.9.1',
36 silly resolved     _shasum: '39d60bf45c526588752d046ce2bb3b796460fde0',
36 silly resolved     _from: 'react-bootstrap-dialog@',
36 silly resolved     _resolved: 'https://registry.npmjs.org/react-bootstrap-dialog/-/react-bootstrap-dialog-0.9.1.tgz' } ]
37 info install react-bootstrap-dialog@0.9.1 into C:\Users\h01270\Downloads\springReact\springReact
38 info installOne react-bootstrap-dialog@0.9.1
39 warn engine react-bootstrap-dialog@0.9.1: wanted: {"npm":"^3.0.0"} (current: {"node":"v6.5.0","npm":"1.4.9"})
40 info C:\Users\h01270\Downloads\springReact\springReact\node_modules\react-bootstrap-dialog unbuild
41 verbose tar unpack C:\Users\h01270\AppData\Roaming\npm-cache\react-bootstrap-dialog\0.9.1\package.tgz
42 silly lockFile 49e430ee-e-modules-react-bootstrap-dialog tar://C:\Users\h01270\Downloads\springReact\springReact\node_modules\react-bootstrap-dialog
43 verbose lock tar://C:\Users\h01270\Downloads\springReact\springReact\node_modules\react-bootstrap-dialog C:\Users\h01270\AppData\Roaming\npm-cache\49e430ee-e-modules-react-bootstrap-dialog.lock
44 silly lockFile 85b0acb5-otstrap-dialog-0-9-1-package-tgz tar://C:\Users\h01270\AppData\Roaming\npm-cache\react-bootstrap-dialog\0.9.1\package.tgz
45 verbose lock tar://C:\Users\h01270\AppData\Roaming\npm-cache\react-bootstrap-dialog\0.9.1\package.tgz C:\Users\h01270\AppData\Roaming\npm-cache\85b0acb5-otstrap-dialog-0-9-1-package-tgz.lock
46 silly gunzTarPerm modes [ '755', '644' ]
47 silly gunzTarPerm extractEntry package.json
48 silly gunzTarPerm extractEntry .npmignore
49 silly gunzTarPerm extractEntry README.md
50 silly gunzTarPerm extractEntry LICENSE
51 silly gunzTarPerm extractEntry CHANGELOG.md
52 silly gunzTarPerm extractEntry .scripts/get_gh_pages_url.js
53 silly gunzTarPerm extractEntry .scripts/mocha_runner.js
54 silly gunzTarPerm extractEntry .scripts/prepublish.sh
55 silly gunzTarPerm extractEntry .scripts/publish_storybook.sh
56 silly gunzTarPerm extractEntry .scripts/user/pretest.js
57 silly gunzTarPerm extractEntry .scripts/user/prepublish.sh
58 silly gunzTarPerm extractEntry .storybook/config.js
59 silly gunzTarPerm extractEntry .travis.yml
60 silly gunzTarPerm extractEntry CONTRIBUTING.md
61 silly gunzTarPerm extractEntry .idea/jsLibraryMappings.xml
62 silly gunzTarPerm extractEntry .idea/misc.xml
63 silly gunzTarPerm extractEntry .idea/modules.xml
64 silly gunzTarPerm extractEntry .idea/react-bootstrap-dialog.iml
65 silly gunzTarPerm extractEntry .idea/vcs.xml
66 silly gunzTarPerm extractEntry .idea/workspace.xml
67 silly gunzTarPerm extractEntry dist/index.js
68 silly lockFile 49e430ee-e-modules-react-bootstrap-dialog tar://C:\Users\h01270\Downloads\springReact\springReact\node_modules\react-bootstrap-dialog
69 silly lockFile 49e430ee-e-modules-react-bootstrap-dialog tar://C:\Users\h01270\Downloads\springReact\springReact\node_modules\react-bootstrap-dialog
70 silly lockFile 85b0acb5-otstrap-dialog-0-9-1-package-tgz tar://C:\Users\h01270\AppData\Roaming\npm-cache\react-bootstrap-dialog\0.9.1\package.tgz
71 silly lockFile 85b0acb5-otstrap-dialog-0-9-1-package-tgz tar://C:\Users\h01270\AppData\Roaming\npm-cache\react-bootstrap-dialog\0.9.1\package.tgz
72 info preinstall react-bootstrap-dialog@0.9.1
73 verbose readDependencies using package.json deps
74 verbose readDependencies using package.json deps
75 verbose cache add [ '@kadira/storybook-deployer@^1.2.0', null ]
76 verbose cache add name=undefined spec="@kadira/storybook-deployer@^1.2.0" args=["@kadira/storybook-deployer@^1.2.0",null]
77 verbose parsed url Url {
77 verbose parsed url   protocol: null,
77 verbose parsed url   slashes: null,
77 verbose parsed url   auth: null,
77 verbose parsed url   host: null,
77 verbose parsed url   port: null,
77 verbose parsed url   hostname: null,
77 verbose parsed url   hash: null,
77 verbose parsed url   search: null,
77 verbose parsed url   query: null,
77 verbose parsed url   pathname: '@kadira/storybook-deployer@%5E1.2.0',
77 verbose parsed url   path: '@kadira/storybook-deployer@%5E1.2.0',
77 verbose parsed url   href: '@kadira/storybook-deployer@%5E1.2.0' }
78 verbose cache add [ 'babel-runtime@^6.5.0', null ]
79 verbose cache add name=undefined spec="babel-runtime@^6.5.0" args=["babel-runtime@^6.5.0",null]
80 verbose parsed url Url {
80 verbose parsed url   protocol: null,
80 verbose parsed url   slashes: null,
80 verbose parsed url   auth: null,
80 verbose parsed url   host: null,
80 verbose parsed url   port: null,
80 verbose parsed url   hostname: null,
80 verbose parsed url   hash: null,
80 verbose parsed url   search: null,
80 verbose parsed url   query: null,
80 verbose parsed url   pathname: 'babel-runtime@%5E6.5.0',
80 verbose parsed url   path: 'babel-runtime@%5E6.5.0',
80 verbose parsed url   href: 'babel-runtime@%5E6.5.0' }
81 verbose cache add name="babel-runtime" spec="^6.5.0" args=["babel-runtime","^6.5.0"]
82 verbose parsed url Url {
82 verbose parsed url   protocol: null,
82 verbose parsed url   slashes: null,
82 verbose parsed url   auth: null,
82 verbose parsed url   host: null,
82 verbose parsed url   port: null,
82 verbose parsed url   hostname: null,
82 verbose parsed url   hash: null,
82 verbose parsed url   search: null,
82 verbose parsed url   query: null,
82 verbose parsed url   pathname: '%5E6.5.0',
82 verbose parsed url   path: '%5E6.5.0',
82 verbose parsed url   href: '%5E6.5.0' }
83 verbose addNamed [ 'babel-runtime', '^6.5.0' ]
84 verbose addNamed [ null, '>=6.5.0-0 <7.0.0-0' ]
85 silly lockFile 86316c48-babel-runtime-6-5-0 babel-runtime@^6.5.0
86 verbose lock babel-runtime@^6.5.0 C:\Users\h01270\AppData\Roaming\npm-cache\86316c48-babel-runtime-6-5-0.lock
87 verbose cache add name="" spec="kadira/storybook-deployer@^1.2.0" args=["","kadira/storybook-deployer@^1.2.0"]
88 verbose parsed url Url {
88 verbose parsed url   protocol: null,
88 verbose parsed url   slashes: null,
88 verbose parsed url   auth: null,
88 verbose parsed url   host: null,
88 verbose parsed url   port: null,
88 verbose parsed url   hostname: null,
88 verbose parsed url   hash: null,
88 verbose parsed url   search: null,
88 verbose parsed url   query: null,
88 verbose parsed url   pathname: 'kadira/storybook-deployer@%5E1.2.0',
88 verbose parsed url   path: 'kadira/storybook-deployer@%5E1.2.0',
88 verbose parsed url   href: 'kadira/storybook-deployer@%5E1.2.0' }
89 verbose cache add name="kadira/storybook-deployer" spec="^1.2.0" args=["kadira/storybook-deployer","^1.2.0"]
90 verbose parsed url Url {
90 verbose parsed url   protocol: null,
90 verbose parsed url   slashes: null,
90 verbose parsed url   auth: null,
90 verbose parsed url   host: null,
90 verbose parsed url   port: null,
90 verbose parsed url   hostname: null,
90 verbose parsed url   hash: null,
90 verbose parsed url   search: null,
90 verbose parsed url   query: null,
90 verbose parsed url   pathname: '%5E1.2.0',
90 verbose parsed url   path: '%5E1.2.0',
90 verbose parsed url   href: '%5E1.2.0' }
91 verbose addNamed [ 'kadira/storybook-deployer', '^1.2.0' ]
92 verbose addNamed [ null, '>=1.2.0-0 <2.0.0-0' ]
93 silly lockFile 76392658-kadira-storybook-deployer-1-2-0 kadira/storybook-deployer@^1.2.0
94 verbose lock kadira/storybook-deployer@^1.2.0 C:\Users\h01270\AppData\Roaming\npm-cache\76392658-kadira-storybook-deployer-1-2-0.lock
95 silly addNameRange { name: 'babel-runtime',
95 silly addNameRange   range: '>=6.5.0-0 <7.0.0-0',
95 silly addNameRange   hasData: false }
96 silly addNameRange { name: 'kadira/storybook-deployer',
96 silly addNameRange   range: '>=1.2.0-0 <2.0.0-0',
96 silly addNameRange   hasData: false }
97 verbose url raw babel-runtime
98 verbose url resolving [ 'https://registry.npmjs.org/', './babel-runtime' ]
99 verbose url resolved https://registry.npmjs.org/babel-runtime
100 info trying registry request attempt 1 at 21:09:19
101 verbose etag W/"581f1b41-23ab1"
102 http GET https://registry.npmjs.org/babel-runtime
103 verbose url raw kadira/storybook-deployer
104 verbose url resolving [ 'https://registry.npmjs.org/', './kadira/storybook-deployer' ]
105 verbose url resolved https://registry.npmjs.org/kadira/storybook-deployer
106 info trying registry request attempt 1 at 21:09:19
107 http GET https://registry.npmjs.org/kadira/storybook-deployer
108 http 304 https://registry.npmjs.org/babel-runtime
109 silly registry.get cb [ 304,
109 silly registry.get   { date: 'Wed, 23 Nov 2016 19:09:12 GMT',
109 silly registry.get     via: '1.1 varnish',
109 silly registry.get     'cache-control': 'max-age=300',
109 silly registry.get     etag: 'W/"581f1b41-23ab1"',
109 silly registry.get     age: '187',
109 silly registry.get     connection: 'close',
109 silly registry.get     'x-served-by': 'cache-bma7030-BMA',
109 silly registry.get     'x-cache': 'HIT',
109 silly registry.get     'x-cache-hits': '2',
109 silly registry.get     'x-timer': 'S1479928152.372653,VS0,VE0',
109 silly registry.get     vary: 'Accept-Encoding' } ]
110 verbose etag babel-runtime from cache
111 silly addNameRange number 2 { name: 'babel-runtime',
111 silly addNameRange   range: '>=6.5.0-0 <7.0.0-0',
111 silly addNameRange   hasData: true }
112 silly addNameRange versions [ 'babel-runtime',
112 silly addNameRange   [ '4.0.1',
112 silly addNameRange     '4.0.2',
112 silly addNameRange     '4.1.1',
112 silly addNameRange     '4.2.0',
112 silly addNameRange     '4.2.1',
112 silly addNameRange     '4.3.0',
112 silly addNameRange     '4.4.1',
112 silly addNameRange     '4.4.2',
112 silly addNameRange     '4.4.3',
112 silly addNameRange     '4.4.4',
112 silly addNameRange     '4.4.5',
112 silly addNameRange     '4.4.6',
112 silly addNameRange     '4.5.0',
112 silly addNameRange     '4.5.1',
112 silly addNameRange     '4.5.2',
112 silly addNameRange     '4.5.3',
112 silly addNameRange     '4.5.4',
112 silly addNameRange     '4.5.5',
112 silly addNameRange     '4.6.0',
112 silly addNameRange     '4.6.1',
112 silly addNameRange     '4.6.3',
112 silly addNameRange     '4.6.4',
112 silly addNameRange     '4.6.5',
112 silly addNameRange     '4.6.6',
112 silly addNameRange     '4.7.0',
112 silly addNameRange     '4.7.1',
112 silly addNameRange     '4.7.2',
112 silly addNameRange     '4.7.3',
112 silly addNameRange     '4.7.4',
112 silly addNameRange     '4.7.5',
112 silly addNameRange     '4.7.6',
112 silly addNameRange     '4.7.7',
112 silly addNameRange     '4.7.8',
112 silly addNameRange     '4.7.9',
112 silly addNameRange     '4.7.10',
112 silly addNameRange     '4.7.11',
112 silly addNameRange     '4.7.12',
112 silly addNameRange     '4.7.13',
112 silly addNameRange     '4.7.14',
112 silly addNameRange     '4.7.15',
112 silly addNameRange     '4.7.16',
112 silly addNameRange     '5.0.0-beta1',
112 silly addNameRange     '5.0.0-beta2',
112 silly addNameRange     '5.0.0-beta3',
112 silly addNameRange     '5.0.0-beta4',
112 silly addNameRange     '5.0.0',
112 silly addNameRange     '5.0.1',
112 silly addNameRange     '5.0.2',
112 silly addNameRange     '5.0.3',
112 silly addNameRange     '5.0.4',
112 silly addNameRange     '5.0.5',
112 silly addNameRange     '5.0.6',
112 silly addNameRange     '5.0.7',
112 silly addNameRange     '5.0.8',
112 silly addNameRange     '5.0.9',
112 silly addNameRange     '5.0.10',
112 silly addNameRange     '5.0.11',
112 silly addNameRange     '5.0.12',
112 silly addNameRange     '5.0.13',
112 silly addNameRange     '5.1.0',
112 silly addNameRange     '5.1.1',
112 silly addNameRange     '5.1.2',
112 silly addNameRange     '5.1.3',
112 silly addNameRange     '5.1.4',
112 silly addNameRange     '5.1.5',
112 silly addNameRange     '5.1.6',
112 silly addNameRange     '5.1.7',
112 silly addNameRange     '5.1.8',
112 silly addNameRange     '5.1.9',
112 silly addNameRange     '5.1.10',
112 silly addNameRange     '5.1.11',
112 silly addNameRange     '5.1.12',
112 silly addNameRange     '5.1.13',
112 silly addNameRange     '5.2.0',
112 silly addNameRange     '5.2.1',
112 silly addNameRange     '5.2.2',
112 silly addNameRange     '5.2.3',
112 silly addNameRange     '5.2.4',
112 silly addNameRange     '5.2.5',
112 silly addNameRange     '5.2.6',
112 silly addNameRange     '5.2.7',
112 silly addNameRange     '5.2.9',
112 silly addNameRange     '5.2.10',
112 silly addNameRange     '5.2.11',
112 silly addNameRange     '5.2.12',
112 silly addNameRange     '5.2.13',
112 silly addNameRange     '5.2.14',
112 silly addNameRange     '5.2.15',
112 silly addNameRange     '5.2.16',
112 silly addNameRange     '5.2.17',
112 silly addNameRange     '5.3.0',
112 silly addNameRange     '5.3.1',
112 silly addNameRange     '5.3.2',
112 silly addNameRange     '5.3.3',
112 silly addNameRange     '5.4.0',
112 silly addNameRange     '5.4.1',
112 silly addNameRange     '5.4.2',
112 silly addNameRange     '5.4.3',
112 silly addNameRange     '5.4.4',
112 silly addNameRange     '5.4.5',
112 silly addNameRange     ... 66 more items ] ]
113 verbose addNamed [ 'babel-runtime', '6.18.0' ]
114 verbose addNamed [ '6.18.0', '6.18.0' ]
115 silly lockFile 0b47886e-babel-runtime-6-18-0 babel-runtime@6.18.0
116 verbose lock babel-runtime@6.18.0 C:\Users\h01270\AppData\Roaming\npm-cache\0b47886e-babel-runtime-6-18-0.lock
117 silly lockFile 0b47886e-babel-runtime-6-18-0 babel-runtime@6.18.0
118 silly lockFile 0b47886e-babel-runtime-6-18-0 babel-runtime@6.18.0
119 silly lockFile 86316c48-babel-runtime-6-5-0 babel-runtime@^6.5.0
120 silly lockFile 86316c48-babel-runtime-6-5-0 babel-runtime@^6.5.0
121 http 404 https://registry.npmjs.org/kadira/storybook-deployer
122 silly registry.get cb [ 404,
122 silly registry.get   { 'content-type': 'application/json',
122 silly registry.get     'cache-control': 'max-age=0',
122 silly registry.get     'content-length': '2',
122 silly registry.get     'accept-ranges': 'bytes',
122 silly registry.get     date: 'Wed, 23 Nov 2016 19:09:12 GMT',
122 silly registry.get     via: '1.1 varnish',
122 silly registry.get     age: '0',
122 silly registry.get     connection: 'close',
122 silly registry.get     'x-served-by': 'cache-bma7024-BMA',
122 silly registry.get     'x-cache': 'MISS',
122 silly registry.get     'x-cache-hits': '0',
122 silly registry.get     'x-timer': 'S1479928152.379889,VS0,VE413',
122 silly registry.get     vary: 'Accept-Encoding' } ]
123 silly lockFile 76392658-kadira-storybook-deployer-1-2-0 kadira/storybook-deployer@^1.2.0
124 silly lockFile 76392658-kadira-storybook-deployer-1-2-0 kadira/storybook-deployer@^1.2.0
125 verbose about to build C:\Users\h01270\Downloads\springReact\springReact\node_modules\react-bootstrap-dialog
126 info C:\Users\h01270\Downloads\springReact\springReact\node_modules\react-bootstrap-dialog unbuild
127 info preuninstall react-bootstrap-dialog@0.9.1
128 info uninstall react-bootstrap-dialog@0.9.1
129 verbose true,C:\Users\h01270\Downloads\springReact\springReact\node_modules,C:\Users\h01270\Downloads\springReact\springReact\node_modules unbuild react-bootstrap-dialog@0.9.1
130 info postuninstall react-bootstrap-dialog@0.9.1
131 error 404 Not Found
131 error 404
131 error 404 'kadira/storybook-deployer' is not in the npm registry.
131 error 404 You should bug the author to publish it
131 error 404 It was specified as a dependency of 'react-bootstrap-dialog'
131 error 404
131 error 404 Note that you can also install from a
131 error 404 tarball, folder, or http url, or git url.
132 error System Windows_NT 10.0.14393
133 error command "C:\\Program Files (x86)\\nodejs\\node.exe" "C:\\ProgramData\\chocolatey\\lib\\npm\\tools\\node_modules\\npm\\bin\\npm-cli.js" "i" "react-bootstrap-dialog" "--save"
134 error cwd C:\Users\h01270\Downloads\springReact\springReact
135 error node -v v6.5.0
136 error npm -v 1.4.9
137 error code E404
138 verbose exit [ 1, true ]
